[2019-12-10 11:25:00.337] [exthost] [info] extension host started
[2019-12-10 11:25:00.574] [exthost] [info] ExtensionService#_doActivateExtension vscode.debug-auto-launch {"startup":true,"extensionId":{"value":"vscode.debug-auto-launch","_lower":"vscode.debug-auto-launch"},"activationEvent":"*"}
[2019-12-10 11:25:00.574] [exthost] [info] ExtensionService#loadCommonJSModule file:///usr/share/code/resources/app/extensions/debug-auto-launch/dist/extension
[2019-12-10 11:25:00.613] [exthost] [info] ExtensionService#_doActivateExtension vscode.emmet {"startup":true,"extensionId":{"value":"vscode.emmet","_lower":"vscode.emmet"},"activationEvent":"*"}
[2019-12-10 11:25:00.613] [exthost] [info] ExtensionService#loadCommonJSModule file:///usr/share/code/resources/app/extensions/emmet/dist/extension
[2019-12-10 11:25:00.723] [exthost] [info] ExtensionService#_doActivateExtension vscode.git {"startup":true,"extensionId":{"value":"vscode.git","_lower":"vscode.git"},"activationEvent":"*"}
[2019-12-10 11:25:00.728] [exthost] [info] ExtensionService#loadCommonJSModule file:///usr/share/code/resources/app/extensions/git/dist/main
[2019-12-10 11:25:00.993] [exthost] [info] ExtensionService#_doActivateExtension vscode.merge-conflict {"startup":true,"extensionId":{"value":"vscode.merge-conflict","_lower":"vscode.merge-conflict"},"activationEvent":"*"}
[2019-12-10 11:25:01.001] [exthost] [info] ExtensionService#loadCommonJSModule file:///usr/share/code/resources/app/extensions/merge-conflict/dist/extension
[2019-12-10 11:25:01.041] [exthost] [info] ExtensionService#_doActivateExtension 2gua.rainbow-brackets {"startup":true,"extensionId":{"value":"2gua.rainbow-brackets","_lower":"2gua.rainbow-brackets"},"activationEvent":"*"}
[2019-12-10 11:25:01.049] [exthost] [info] ExtensionService#loadCommonJSModule file:///home/hhb/.vscode/extensions/2gua.rainbow-brackets-0.0.6/out/src/extension
[2019-12-10 11:25:01.057] [exthost] [info] ExtensionService#_doActivateExtension bukas.GBKtoUTF8 {"startup":true,"extensionId":{"value":"bukas.GBKtoUTF8","_lower":"bukas.gbktoutf8"},"activationEvent":"*"}
[2019-12-10 11:25:01.057] [exthost] [info] ExtensionService#loadCommonJSModule file:///home/hhb/.vscode/extensions/bukas.gbktoutf8-0.0.2/out/src/extension
[2019-12-10 11:25:01.097] [exthost] [info] ExtensionService#_doActivateExtension in4margaret.compareit {"startup":true,"extensionId":{"value":"in4margaret.compareit","_lower":"in4margaret.compareit"},"activationEvent":"*"}
[2019-12-10 11:25:01.104] [exthost] [info] ExtensionService#loadCommonJSModule file:///home/hhb/.vscode/extensions/in4margaret.compareit-0.0.2/out/extension
[2019-12-10 11:25:01.249] [exthost] [info] ExtensionService#_doActivateExtension vscode-icons-team.vscode-icons {"startup":true,"extensionId":{"value":"vscode-icons-team.vscode-icons","_lower":"vscode-icons-team.vscode-icons"},"activationEvent":"*"}
[2019-12-10 11:25:01.263] [exthost] [info] ExtensionService#loadCommonJSModule file:///home/hhb/.vscode/extensions/vscode-icons-team.vscode-icons-9.6.0/dist/src/vscode-icons.bundle.js
[2019-12-10 11:25:01.720] [exthost] [info] eager extensions activated
[2019-12-10 11:25:26.669] [exthost] [info] extension host started
[2019-12-10 11:25:26.853] [exthost] [info] ExtensionService#_doActivateExtension vscode.debug-auto-launch {"startup":true,"extensionId":{"value":"vscode.debug-auto-launch","_lower":"vscode.debug-auto-launch"},"activationEvent":"*"}
[2019-12-10 11:25:26.860] [exthost] [info] ExtensionService#loadCommonJSModule file:///usr/share/code/resources/app/extensions/debug-auto-launch/dist/extension
[2019-12-10 11:25:26.884] [exthost] [info] ExtensionService#_doActivateExtension vscode.emmet {"startup":true,"extensionId":{"value":"vscode.emmet","_lower":"vscode.emmet"},"activationEvent":"*"}
[2019-12-10 11:25:26.908] [exthost] [info] ExtensionService#loadCommonJSModule file:///usr/share/code/resources/app/extensions/emmet/dist/extension
[2019-12-10 11:25:26.982] [exthost] [info] ExtensionService#_doActivateExtension vscode.git {"startup":true,"extensionId":{"value":"vscode.git","_lower":"vscode.git"},"activationEvent":"*"}
[2019-12-10 11:25:26.988] [exthost] [info] ExtensionService#loadCommonJSModule file:///usr/share/code/resources/app/extensions/git/dist/main
[2019-12-10 11:25:27.169] [exthost] [info] ExtensionService#_doActivateExtension vscode.merge-conflict {"startup":true,"extensionId":{"value":"vscode.merge-conflict","_lower":"vscode.merge-conflict"},"activationEvent":"*"}
[2019-12-10 11:25:27.188] [exthost] [info] ExtensionService#loadCommonJSModule file:///usr/share/code/resources/app/extensions/merge-conflict/dist/extension
[2019-12-10 11:25:27.200] [exthost] [info] ExtensionService#_doActivateExtension 2gua.rainbow-brackets {"startup":true,"extensionId":{"value":"2gua.rainbow-brackets","_lower":"2gua.rainbow-brackets"},"activationEvent":"*"}
[2019-12-10 11:25:27.200] [exthost] [info] ExtensionService#loadCommonJSModule file:///home/hhb/.vscode/extensions/2gua.rainbow-brackets-0.0.6/out/src/extension
[2019-12-10 11:25:27.201] [exthost] [info] ExtensionService#_doActivateExtension bukas.GBKtoUTF8 {"startup":true,"extensionId":{"value":"bukas.GBKtoUTF8","_lower":"bukas.gbktoutf8"},"activationEvent":"*"}
[2019-12-10 11:25:27.204] [exthost] [info] ExtensionService#loadCommonJSModule file:///home/hhb/.vscode/extensions/bukas.gbktoutf8-0.0.2/out/src/extension
[2019-12-10 11:25:27.235] [exthost] [info] ExtensionService#_doActivateExtension in4margaret.compareit {"startup":true,"extensionId":{"value":"in4margaret.compareit","_lower":"in4margaret.compareit"},"activationEvent":"*"}
[2019-12-10 11:25:27.242] [exthost] [info] ExtensionService#loadCommonJSModule file:///home/hhb/.vscode/extensions/in4margaret.compareit-0.0.2/out/extension
[2019-12-10 11:25:27.439] [exthost] [info] ExtensionService#_doActivateExtension vscode-icons-team.vscode-icons {"startup":true,"extensionId":{"value":"vscode-icons-team.vscode-icons","_lower":"vscode-icons-team.vscode-icons"},"activationEvent":"*"}
[2019-12-10 11:25:27.478] [exthost] [info] ExtensionService#loadCommonJSModule file:///home/hhb/.vscode/extensions/vscode-icons-team.vscode-icons-9.6.0/dist/src/vscode-icons.bundle.js
[2019-12-10 11:25:27.641] [exthost] [info] eager extensions activated
[2019-12-10 11:25:49.638] [exthost] [info] extension host started
[2019-12-10 11:25:49.706] [exthost] [info] ExtensionService#_doActivateExtension vscode.debug-auto-launch {"startup":true,"extensionId":{"value":"vscode.debug-auto-launch","_lower":"vscode.debug-auto-launch"},"activationEvent":"*"}
[2019-12-10 11:25:49.707] [exthost] [info] ExtensionService#loadCommonJSModule file:///usr/share/code/resources/app/extensions/debug-auto-launch/dist/extension
[2019-12-10 11:25:49.720] [exthost] [info] ExtensionService#_doActivateExtension vscode.emmet {"startup":true,"extensionId":{"value":"vscode.emmet","_lower":"vscode.emmet"},"activationEvent":"*"}
[2019-12-10 11:25:49.722] [exthost] [info] ExtensionService#loadCommonJSModule file:///usr/share/code/resources/app/extensions/emmet/dist/extension
[2019-12-10 11:25:49.783] [exthost] [info] ExtensionService#_doActivateExtension vscode.git {"startup":true,"extensionId":{"value":"vscode.git","_lower":"vscode.git"},"activationEvent":"*"}
[2019-12-10 11:25:49.792] [exthost] [info] ExtensionService#loadCommonJSModule file:///usr/share/code/resources/app/extensions/git/dist/main
[2019-12-10 11:25:49.905] [exthost] [info] ExtensionService#_doActivateExtension vscode.merge-conflict {"startup":true,"extensionId":{"value":"vscode.merge-conflict","_lower":"vscode.merge-conflict"},"activationEvent":"*"}
[2019-12-10 11:25:49.916] [exthost] [info] ExtensionService#loadCommonJSModule file:///usr/share/code/resources/app/extensions/merge-conflict/dist/extension
[2019-12-10 11:25:49.938] [exthost] [info] ExtensionService#_doActivateExtension 2gua.rainbow-brackets {"startup":true,"extensionId":{"value":"2gua.rainbow-brackets","_lower":"2gua.rainbow-brackets"},"activationEvent":"*"}
[2019-12-10 11:25:49.939] [exthost] [info] ExtensionService#loadCommonJSModule file:///home/hhb/.vscode/extensions/2gua.rainbow-brackets-0.0.6/out/src/extension
[2019-12-10 11:25:49.940] [exthost] [info] ExtensionService#_doActivateExtension bukas.GBKtoUTF8 {"startup":true,"extensionId":{"value":"bukas.GBKtoUTF8","_lower":"bukas.gbktoutf8"},"activationEvent":"*"}
[2019-12-10 11:25:49.948] [exthost] [info] ExtensionService#loadCommonJSModule file:///home/hhb/.vscode/extensions/bukas.gbktoutf8-0.0.2/out/src/extension
[2019-12-10 11:25:49.957] [exthost] [info] ExtensionService#_doActivateExtension in4margaret.compareit {"startup":true,"extensionId":{"value":"in4margaret.compareit","_lower":"in4margaret.compareit"},"activationEvent":"*"}
[2019-12-10 11:25:49.964] [exthost] [info] ExtensionService#loadCommonJSModule file:///home/hhb/.vscode/extensions/in4margaret.compareit-0.0.2/out/extension
[2019-12-10 11:25:50.208] [exthost] [info] ExtensionService#_doActivateExtension vscode-icons-team.vscode-icons {"startup":true,"extensionId":{"value":"vscode-icons-team.vscode-icons","_lower":"vscode-icons-team.vscode-icons"},"activationEvent":"*"}
[2019-12-10 11:25:50.214] [exthost] [info] ExtensionService#loadCommonJSModule file:///home/hhb/.vscode/extensions/vscode-icons-team.vscode-icons-9.6.0/dist/src/vscode-icons.bundle.js
[2019-12-10 11:25:50.369] [exthost] [info] eager extensions activated
[2019-12-10 13:09:18.171] [exthost] [info] ExtensionService#_doActivateExtension vscode.configuration-editing {"startup":false,"extensionId":{"value":"vscode.configuration-editing","_lower":"vscode.configuration-editing"},"activationEvent":"onLanguage:json"}
[2019-12-10 13:09:18.176] [exthost] [info] ExtensionService#loadCommonJSModule file:///usr/share/code/resources/app/extensions/configuration-editing/dist/extension
[2019-12-10 13:09:18.184] [exthost] [info] ExtensionService#_doActivateExtension vscode.extension-editing {"startup":false,"extensionId":{"value":"vscode.extension-editing","_lower":"vscode.extension-editing"},"activationEvent":"onLanguage:json"}
[2019-12-10 13:09:18.184] [exthost] [info] ExtensionService#loadCommonJSModule file:///usr/share/code/resources/app/extensions/extension-editing/dist/extension
[2019-12-10 13:09:18.196] [exthost] [info] ExtensionService#_doActivateExtension vscode.json-language-features {"startup":false,"extensionId":{"value":"vscode.json-language-features","_lower":"vscode.json-language-features"},"activationEvent":"onLanguage:json"}
[2019-12-10 13:09:18.196] [exthost] [info] ExtensionService#loadCommonJSModule file:///usr/share/code/resources/app/extensions/json-language-features/client/dist/jsonMain
[2019-12-10 13:09:18.234] [exthost] [info] ExtensionService#_doActivateExtension vscode.npm {"startup":false,"extensionId":{"value":"vscode.npm","_lower":"vscode.npm"},"activationEvent":"onLanguage:json"}
[2019-12-10 13:09:18.236] [exthost] [info] ExtensionService#loadCommonJSModule file:///usr/share/code/resources/app/extensions/npm/dist/main
[2019-12-10 13:09:41.345] [exthost] [info] ExtensionService#_doActivateExtension vscode.typescript-language-features {"startup":false,"extensionId":{"value":"vscode.typescript-language-features","_lower":"vscode.typescript-language-features"},"activationEvent":"onLanguage:jsonc"}
[2019-12-10 13:09:41.347] [exthost] [info] ExtensionService#loadCommonJSModule file:///usr/share/code/resources/app/extensions/typescript-language-features/dist/extension
[2019-12-10 13:09:44.150] [exthost] [info] extension host started
[2019-12-10 13:09:44.178] [exthost] [info] ExtensionService#_doActivateExtension vscode.configuration-editing {"startup":false,"extensionId":{"value":"vscode.configuration-editing","_lower":"vscode.configuration-editing"},"activationEvent":"onLanguage:json"}
[2019-12-10 13:09:44.178] [exthost] [info] ExtensionService#loadCommonJSModule file:///usr/share/code/resources/app/extensions/configuration-editing/dist/extension
[2019-12-10 13:09:44.196] [exthost] [info] ExtensionService#_doActivateExtension vscode.extension-editing {"startup":false,"extensionId":{"value":"vscode.extension-editing","_lower":"vscode.extension-editing"},"activationEvent":"onLanguage:json"}
[2019-12-10 13:09:44.197] [exthost] [info] ExtensionService#loadCommonJSModule file:///usr/share/code/resources/app/extensions/extension-editing/dist/extension
[2019-12-10 13:09:44.212] [exthost] [info] ExtensionService#_doActivateExtension vscode.json-language-features {"startup":false,"extensionId":{"value":"vscode.json-language-features","_lower":"vscode.json-language-features"},"activationEvent":"onLanguage:json"}
[2019-12-10 13:09:44.213] [exthost] [info] ExtensionService#loadCommonJSModule file:///usr/share/code/resources/app/extensions/json-language-features/client/dist/jsonMain
[2019-12-10 13:09:44.276] [exthost] [info] ExtensionService#_doActivateExtension vscode.npm {"startup":false,"extensionId":{"value":"vscode.npm","_lower":"vscode.npm"},"activationEvent":"onLanguage:json"}
[2019-12-10 13:09:44.276] [exthost] [info] ExtensionService#loadCommonJSModule file:///usr/share/code/resources/app/extensions/npm/dist/main
[2019-12-10 13:09:44.286] [exthost] [info] ExtensionService#_doActivateExtension vscode.typescript-language-features {"startup":false,"extensionId":{"value":"vscode.typescript-language-features","_lower":"vscode.typescript-language-features"},"activationEvent":"onLanguage:jsonc"}
[2019-12-10 13:09:44.286] [exthost] [info] ExtensionService#loadCommonJSModule file:///usr/share/code/resources/app/extensions/typescript-language-features/dist/extension
[2019-12-10 13:09:44.323] [exthost] [info] ExtensionService#_doActivateExtension vscode.debug-auto-launch {"startup":true,"extensionId":{"value":"vscode.debug-auto-launch","_lower":"vscode.debug-auto-launch"},"activationEvent":"*"}
[2019-12-10 13:09:44.323] [exthost] [info] ExtensionService#loadCommonJSModule file:///usr/share/code/resources/app/extensions/debug-auto-launch/dist/extension
[2019-12-10 13:09:44.331] [exthost] [info] ExtensionService#_doActivateExtension vscode.emmet {"startup":true,"extensionId":{"value":"vscode.emmet","_lower":"vscode.emmet"},"activationEvent":"*"}
[2019-12-10 13:09:44.353] [exthost] [info] ExtensionService#loadCommonJSModule file:///usr/share/code/resources/app/extensions/emmet/dist/extension
[2019-12-10 13:09:44.404] [exthost] [info] ExtensionService#_doActivateExtension vscode.git {"startup":true,"extensionId":{"value":"vscode.git","_lower":"vscode.git"},"activationEvent":"*"}
[2019-12-10 13:09:44.405] [exthost] [info] ExtensionService#loadCommonJSModule file:///usr/share/code/resources/app/extensions/git/dist/main
[2019-12-10 13:09:44.429] [exthost] [info] ExtensionService#_doActivateExtension vscode.merge-conflict {"startup":true,"extensionId":{"value":"vscode.merge-conflict","_lower":"vscode.merge-conflict"},"activationEvent":"*"}
[2019-12-10 13:09:44.429] [exthost] [info] ExtensionService#loadCommonJSModule file:///usr/share/code/resources/app/extensions/merge-conflict/dist/extension
[2019-12-10 13:09:44.434] [exthost] [info] ExtensionService#_doActivateExtension 2gua.rainbow-brackets {"startup":true,"extensionId":{"value":"2gua.rainbow-brackets","_lower":"2gua.rainbow-brackets"},"activationEvent":"*"}
[2019-12-10 13:09:44.434] [exthost] [info] ExtensionService#loadCommonJSModule file:///home/hhb/.vscode/extensions/2gua.rainbow-brackets-0.0.6/out/src/extension
[2019-12-10 13:09:44.435] [exthost] [info] ExtensionService#_doActivateExtension bukas.GBKtoUTF8 {"startup":true,"extensionId":{"value":"bukas.GBKtoUTF8","_lower":"bukas.gbktoutf8"},"activationEvent":"*"}
[2019-12-10 13:09:44.435] [exthost] [info] ExtensionService#loadCommonJSModule file:///home/hhb/.vscode/extensions/bukas.gbktoutf8-0.0.2/out/src/extension
[2019-12-10 13:09:44.442] [exthost] [info] ExtensionService#_doActivateExtension in4margaret.compareit {"startup":true,"extensionId":{"value":"in4margaret.compareit","_lower":"in4margaret.compareit"},"activationEvent":"*"}
[2019-12-10 13:09:44.442] [exthost] [info] ExtensionService#loadCommonJSModule file:///home/hhb/.vscode/extensions/in4margaret.compareit-0.0.2/out/extension
[2019-12-10 13:09:44.466] [exthost] [info] ExtensionService#_doActivateExtension vscode-icons-team.vscode-icons {"startup":true,"extensionId":{"value":"vscode-icons-team.vscode-icons","_lower":"vscode-icons-team.vscode-icons"},"activationEvent":"*"}
[2019-12-10 13:09:44.467] [exthost] [info] ExtensionService#loadCommonJSModule file:///home/hhb/.vscode/extensions/vscode-icons-team.vscode-icons-9.6.0/dist/src/vscode-icons.bundle.js
[2019-12-10 13:09:44.508] [exthost] [info] ExtensionService#_doActivateExtension ms-vscode.cpptools {"startup":true,"extensionId":{"value":"ms-vscode.cpptools","_lower":"ms-vscode.cpptools"},"activationEvent":"workspaceContains:/.vscode/c_cpp_properties.json"}
[2019-12-10 13:09:44.508] [exthost] [info] ExtensionService#loadCommonJSModule file:///home/hhb/.vscode/extensions/ms-vscode.cpptools-0.26.2/dist/main
[2019-12-10 13:09:44.922] [exthost] [info] eager extensions activated
[2019-12-10 13:10:04.810] [exthost] [info] ExtensionService#_doActivateExtension ajshort.include-autocomplete {"startup":false,"extensionId":{"value":"ajshort.include-autocomplete","_lower":"ajshort.include-autocomplete"},"activationEvent":"onLanguage:c"}
[2019-12-10 13:10:04.811] [exthost] [info] ExtensionService#loadCommonJSModule file:///home/hhb/.vscode/extensions/ajshort.include-autocomplete-0.0.4/out/src/extension
[2019-12-10 13:10:04.840] [exthost] [info] ExtensionService#_doActivateExtension jbenden.c-cpp-flylint {"startup":false,"extensionId":{"value":"jbenden.c-cpp-flylint","_lower":"jbenden.c-cpp-flylint"},"activationEvent":"onLanguage:c"}
[2019-12-10 13:10:04.845] [exthost] [info] ExtensionService#loadCommonJSModule file:///home/hhb/.vscode/extensions/jbenden.c-cpp-flylint-1.2.4/out/extension
