
(unity-settings-daemon:1897): color-plugin-WARNING **: unable to get EDID for xrandr-Virtual1: unable to get EDID for output

(unity-settings-daemon:1897): color-plugin-WARNING **: unable to get EDID for xrandr-Virtual1: unable to get EDID for output

(gnome-terminal:2691): GLib-GIO-CRITICAL **: g_settings_get: the format string may not contain '&' (key 'monospace-font-name' from schema 'org.gnome.desktop.interface'). This call will probably stop working with a future version of glib.

(unity-settings-daemon:1897): Gdk-WARNING **: unity-settings-daemon: Fatal IO error 11 (资源暂时不可用) on X server :0.


(unity-settings-daemon:1828): color-plugin-WARNING **: failed to get edid: unable to get EDID for output

(unity-settings-daemon:1828): color-plugin-WARNING **: unable to get EDID for xrandr-Virtual1: unable to get EDID for output

(unity-settings-daemon:1828): color-plugin-WARNING **: unable to get EDID for xrandr-Virtual1: unable to get EDID for output

(unity-settings-daemon:1828): wacom-plugin-CRITICAL **: gsd_wacom_device_get_device_type: assertion 'GSD_IS_WACOM_DEVICE (device)' failed

(unity-settings-daemon:1828): wacom-plugin-CRITICAL **: gsd_wacom_device_get_device_type: assertion 'GSD_IS_WACOM_DEVICE (device)' failed

(unity-settings-daemon:1828): wacom-plugin-CRITICAL **: gsd_wacom_device_get_device_type: assertion 'GSD_IS_WACOM_DEVICE (device)' failed

(unity-settings-daemon:1828): wacom-plugin-CRITICAL **: gsd_wacom_device_get_device_type: assertion 'GSD_IS_WACOM_DEVICE (device)' failed

(unity-settings-daemon:1828): wacom-plugin-CRITICAL **: gsd_wacom_device_get_device_type: assertion 'GSD_IS_WACOM_DEVICE (device)' failed

(unity-settings-daemon:1828): wacom-plugin-CRITICAL **: gsd_wacom_device_get_device_type: assertion 'GSD_IS_WACOM_DEVICE (device)' failed

(unity-settings-daemon:1828): wacom-plugin-CRITICAL **: gsd_wacom_device_get_device_type: assertion 'GSD_IS_WACOM_DEVICE (device)' failed

(unity-settings-daemon:1828): wacom-plugin-CRITICAL **: gsd_wacom_device_get_device_type: assertion 'GSD_IS_WACOM_DEVICE (device)' failed

(unity-settings-daemon:1828): wacom-plugin-CRITICAL **: gsd_wacom_device_get_device_type: assertion 'GSD_IS_WACOM_DEVICE (device)' failed

** (unity-settings-daemon:2762): WARNING **: Unable to register client: GDBus.Error:org.gnome.SessionManager.NotInRunning: Unable to register client

(unity-settings-daemon:2762): color-plugin-WARNING **: failed to get edid: unable to get EDID for output

(unity-settings-daemon:2762): color-plugin-WARNING **: unable to get EDID for xrandr-Virtual1: unable to get EDID for output

(unity-settings-daemon:2762): Gdk-WARNING **: unity-settings-daemon: Fatal IO error 11 (资源暂时不可用) on X server :0.


(unity-settings-daemon:2007): color-plugin-WARNING **: failed to get edid: unable to get EDID for output

(unity-settings-daemon:2007): color-plugin-WARNING **: unable to get EDID for xrandr-Virtual1: unable to get EDID for output

(gnome-terminal:2430): GLib-GIO-CRITICAL **: g_settings_get: the format string may not contain '&' (key 'monospace-font-name' from schema 'org.gnome.desktop.interface'). This call will probably stop working with a future version of glib.

(unity-settings-daemon:2007): color-plugin-WARNING **: unable to get EDID for xrandr-Virtual1: unable to get EDID for output

(unity-settings-daemon:2007): color-plugin-WARNING **: unable to get EDID for xrandr-Virtual1: unable to get EDID for output

(unity-settings-daemon:2007): color-plugin-WARNING **: unable to get EDID for xrandr-Virtual1: unable to get EDID for output

(unity-settings-daemon:2007): color-plugin-WARNING **: unable to get EDID for xrandr-Virtual1: unable to get EDID for output
