[2019-12-09 15:11:54.723] [exthost] [info] extension host started
[2019-12-09 15:11:55.186] [exthost] [info] ExtensionService#_doActivateExtension vscode.debug-auto-launch {"startup":true,"extensionId":{"value":"vscode.debug-auto-launch","_lower":"vscode.debug-auto-launch"},"activationEvent":"*"}
[2019-12-09 15:11:55.222] [exthost] [info] ExtensionService#loadCommonJSModule file:///usr/share/code/resources/app/extensions/debug-auto-launch/dist/extension
[2019-12-09 15:11:55.368] [exthost] [info] ExtensionService#_doActivateExtension vscode.emmet {"startup":true,"extensionId":{"value":"vscode.emmet","_lower":"vscode.emmet"},"activationEvent":"*"}
[2019-12-09 15:11:55.373] [exthost] [info] ExtensionService#loadCommonJSModule file:///usr/share/code/resources/app/extensions/emmet/dist/extension
[2019-12-09 15:11:56.075] [exthost] [info] ExtensionService#_doActivateExtension vscode.git {"startup":true,"extensionId":{"value":"vscode.git","_lower":"vscode.git"},"activationEvent":"*"}
[2019-12-09 15:11:56.084] [exthost] [info] ExtensionService#loadCommonJSModule file:///usr/share/code/resources/app/extensions/git/dist/main
[2019-12-09 15:11:57.029] [exthost] [info] ExtensionService#_doActivateExtension vscode.merge-conflict {"startup":true,"extensionId":{"value":"vscode.merge-conflict","_lower":"vscode.merge-conflict"},"activationEvent":"*"}
[2019-12-09 15:11:57.030] [exthost] [info] ExtensionService#loadCommonJSModule file:///usr/share/code/resources/app/extensions/merge-conflict/dist/extension
[2019-12-09 15:11:57.082] [exthost] [info] eager extensions activated
[2019-12-09 15:13:38.100] [exthost] [info] ExtensionService#_doActivateExtension vscode.configuration-editing {"startup":false,"extensionId":{"value":"vscode.configuration-editing","_lower":"vscode.configuration-editing"},"activationEvent":"onLanguage:json"}
[2019-12-09 15:13:38.100] [exthost] [info] ExtensionService#loadCommonJSModule file:///usr/share/code/resources/app/extensions/configuration-editing/dist/extension
[2019-12-09 15:13:38.172] [exthost] [info] ExtensionService#_doActivateExtension vscode.extension-editing {"startup":false,"extensionId":{"value":"vscode.extension-editing","_lower":"vscode.extension-editing"},"activationEvent":"onLanguage:json"}
[2019-12-09 15:13:38.173] [exthost] [info] ExtensionService#loadCommonJSModule file:///usr/share/code/resources/app/extensions/extension-editing/dist/extension
[2019-12-09 15:13:38.545] [exthost] [info] ExtensionService#_doActivateExtension vscode.json-language-features {"startup":false,"extensionId":{"value":"vscode.json-language-features","_lower":"vscode.json-language-features"},"activationEvent":"onLanguage:json"}
[2019-12-09 15:13:38.551] [exthost] [info] ExtensionService#loadCommonJSModule file:///usr/share/code/resources/app/extensions/json-language-features/client/dist/jsonMain
[2019-12-09 15:13:39.552] [exthost] [info] ExtensionService#_doActivateExtension vscode.npm {"startup":false,"extensionId":{"value":"vscode.npm","_lower":"vscode.npm"},"activationEvent":"onLanguage:json"}
[2019-12-09 15:13:39.554] [exthost] [info] ExtensionService#loadCommonJSModule file:///usr/share/code/resources/app/extensions/npm/dist/main
[2019-12-09 15:13:43.956] [exthost] [info] ExtensionService#_doActivateExtension ms-vscode.cpptools {"startup":false,"extensionId":{"value":"ms-vscode.cpptools","_lower":"ms-vscode.cpptools"},"activationEvent":"*"}
[2019-12-09 15:13:43.956] [exthost] [info] ExtensionService#loadCommonJSModule file:///home/hhb/.vscode/extensions/ms-vscode.cpptools-0.26.2/dist/main
[2019-12-09 15:14:33.083] [exthost] [info] ExtensionService#_doActivateExtension 2gua.rainbow-brackets {"startup":false,"extensionId":{"value":"2gua.rainbow-brackets","_lower":"2gua.rainbow-brackets"},"activationEvent":"*"}
[2019-12-09 15:14:33.084] [exthost] [info] ExtensionService#loadCommonJSModule file:///home/hhb/.vscode/extensions/2gua.rainbow-brackets-0.0.6/out/src/extension
[2019-12-09 15:15:17.826] [exthost] [info] ExtensionService#_doActivateExtension bukas.GBKtoUTF8 {"startup":false,"extensionId":{"value":"bukas.GBKtoUTF8","_lower":"bukas.gbktoutf8"},"activationEvent":"*"}
[2019-12-09 15:15:17.826] [exthost] [info] ExtensionService#loadCommonJSModule file:///home/hhb/.vscode/extensions/bukas.gbktoutf8-0.0.2/out/src/extension
[2019-12-09 15:16:03.231] [exthost] [info] ExtensionService#_doActivateExtension vscode-icons-team.vscode-icons {"startup":false,"extensionId":{"value":"vscode-icons-team.vscode-icons","_lower":"vscode-icons-team.vscode-icons"},"activationEvent":"*"}
[2019-12-09 15:16:03.238] [exthost] [info] ExtensionService#loadCommonJSModule file:///home/hhb/.vscode/extensions/vscode-icons-team.vscode-icons-9.6.0/dist/src/vscode-icons.bundle.js
[2019-12-09 15:16:09.526] [exthost] [info] ExtensionService#_doActivateExtension in4margaret.compareit {"startup":false,"extensionId":{"value":"in4margaret.compareit","_lower":"in4margaret.compareit"},"activationEvent":"*"}
[2019-12-09 15:16:09.527] [exthost] [info] ExtensionService#loadCommonJSModule file:///home/hhb/.vscode/extensions/in4margaret.compareit-0.0.2/out/extension
[2019-12-09 15:17:15.168] [exthost] [info] extension host started
[2019-12-09 15:17:15.540] [exthost] [info] ExtensionService#_doActivateExtension vscode.debug-auto-launch {"startup":true,"extensionId":{"value":"vscode.debug-auto-launch","_lower":"vscode.debug-auto-launch"},"activationEvent":"*"}
[2019-12-09 15:17:15.541] [exthost] [info] ExtensionService#loadCommonJSModule file:///usr/share/code/resources/app/extensions/debug-auto-launch/dist/extension
[2019-12-09 15:17:15.566] [exthost] [info] ExtensionService#_doActivateExtension vscode.emmet {"startup":true,"extensionId":{"value":"vscode.emmet","_lower":"vscode.emmet"},"activationEvent":"*"}
[2019-12-09 15:17:15.568] [exthost] [info] ExtensionService#loadCommonJSModule file:///usr/share/code/resources/app/extensions/emmet/dist/extension
[2019-12-09 15:17:15.854] [exthost] [info] ExtensionService#_doActivateExtension vscode.git {"startup":true,"extensionId":{"value":"vscode.git","_lower":"vscode.git"},"activationEvent":"*"}
[2019-12-09 15:17:15.854] [exthost] [info] ExtensionService#loadCommonJSModule file:///usr/share/code/resources/app/extensions/git/dist/main
[2019-12-09 15:17:16.501] [exthost] [info] ExtensionService#_doActivateExtension vscode.merge-conflict {"startup":true,"extensionId":{"value":"vscode.merge-conflict","_lower":"vscode.merge-conflict"},"activationEvent":"*"}
[2019-12-09 15:17:16.504] [exthost] [info] ExtensionService#loadCommonJSModule file:///usr/share/code/resources/app/extensions/merge-conflict/dist/extension
[2019-12-09 15:17:16.565] [exthost] [info] ExtensionService#_doActivateExtension 2gua.rainbow-brackets {"startup":true,"extensionId":{"value":"2gua.rainbow-brackets","_lower":"2gua.rainbow-brackets"},"activationEvent":"*"}
[2019-12-09 15:17:16.565] [exthost] [info] ExtensionService#loadCommonJSModule file:///home/hhb/.vscode/extensions/2gua.rainbow-brackets-0.0.6/out/src/extension
[2019-12-09 15:17:16.701] [exthost] [info] ExtensionService#_doActivateExtension bukas.GBKtoUTF8 {"startup":true,"extensionId":{"value":"bukas.GBKtoUTF8","_lower":"bukas.gbktoutf8"},"activationEvent":"*"}
[2019-12-09 15:17:16.795] [exthost] [info] ExtensionService#loadCommonJSModule file:///home/hhb/.vscode/extensions/bukas.gbktoutf8-0.0.2/out/src/extension
[2019-12-09 15:17:16.983] [exthost] [info] ExtensionService#_doActivateExtension in4margaret.compareit {"startup":true,"extensionId":{"value":"in4margaret.compareit","_lower":"in4margaret.compareit"},"activationEvent":"*"}
[2019-12-09 15:17:17.002] [exthost] [info] ExtensionService#loadCommonJSModule file:///home/hhb/.vscode/extensions/in4margaret.compareit-0.0.2/out/extension
[2019-12-09 15:17:18.142] [exthost] [info] ExtensionService#_doActivateExtension vscode-icons-team.vscode-icons {"startup":true,"extensionId":{"value":"vscode-icons-team.vscode-icons","_lower":"vscode-icons-team.vscode-icons"},"activationEvent":"*"}
[2019-12-09 15:17:18.164] [exthost] [info] ExtensionService#loadCommonJSModule file:///home/hhb/.vscode/extensions/vscode-icons-team.vscode-icons-9.6.0/dist/src/vscode-icons.bundle.js
[2019-12-09 15:17:18.647] [exthost] [info] eager extensions activated
